<?xml version="1.0" encoding="GBK" standalone="no"?>
<!DOCTYPE log SYSTEM "logger.dtd">
<log>
<record>
  <date>2018-11-15T10:23:13</date>
  <millis>1542277393283</millis>
  <sequence>0</sequence>
  <logger>learn_jmetal</logger>
  <level>INFO</level>
  <class>jmetal.metaheuristics.spea2.SPEA2_main</class>
  <method>main</method>
  <thread>1</thread>
  <message>Total execution time: 3994ms</message>
</record>
<record>
  <date>2018-11-15T10:23:13</date>
  <millis>1542277393333</millis>
  <sequence>1</sequence>
  <logger>learn_jmetal</logger>
  <level>INFO</level>
  <class>jmetal.metaheuristics.spea2.SPEA2_main</class>
  <method>main</method>
  <thread>1</thread>
  <message>Objectives values have been writen to file FUN</message>
</record>
</log>
